<?xml version="1.0" encoding="UTF-8"?>
<!-- Generated by org.testng.reporters.JUnitXMLReporter -->
<testsuite ignored="0" hostname="DESKTOP-I8D9V6P" failures="2" tests="2" name="Test" time="16.855" errors="0" timestamp="2022-01-04T15:39:02 IST">
  <testcase classname="practies.Practies" name="ecommerceTest" time="15.722">
    <failure type="java.lang.AssertionError" message="null">
      <![CDATA[java.lang.AssertionError: null
at practies.Practies.ecommerceTest(Practies.java:30)
at java.base/java.util.ArrayList.forEach(ArrayList.java:1541)
... Removed 29 stack frames]]>
    </failure>
  </testcase> <!-- ecommerceTest -->
  <testcase classname="practies.Practies" name="ecommerceTest" time="15.928">
    <failure type="java.lang.NullPointerException">
      <![CDATA[java.lang.NullPointerException
at com.vtiger.genericLibrary.ListnerImplementation.onTestFailure(ListnerImplementation.java:55)
at java.base/java.util.ArrayList.forEach(ArrayList.java:1541)
... Removed 24 stack frames]]>
    </failure>
  </testcase> <!-- ecommerceTest -->
</testsuite> <!-- Test -->
