<?xml version="1.0" encoding="UTF-8"?>
<!-- Generated by org.testng.reporters.JUnitXMLReporter -->
<testsuite ignored="0" hostname="DESKTOP-I8D9V6P" failures="0" tests="2" name="TestRunner_2" time="110.376" errors="0" timestamp="2021-11-08T15:28:35 IST">
  <testcase classname="com.crm.VtigerTest.CreateContactPOM.CreateContactPOM" name="createContactTest" time="32.003"/>
  <testcase classname="com.crm.VtigerTest.CreateContactPOM.CreateContactPOM" name="createContactWithIndustryPomTest" time="47.398"/>
</testsuite> <!-- TestRunner_2 -->
