<?xml version="1.0" encoding="UTF-8"?>
<!-- Generated by org.testng.reporters.JUnitXMLReporter -->
<testsuite ignored="0" hostname="DESKTOP-I8D9V6P" failures="0" tests="2" name="TestRunner_1" time="89.624" errors="0" timestamp="2021-11-08T15:28:14 IST">
  <testcase classname="com.crm.VtigerTest.CreateOrganisationPOM.CreateOrganisation" name="CreateOrganizationTest" time="27.725"/>
  <testcase classname="com.crm.VtigerTest.CreateOrganisationPOM.CreateOrganisation" name="CreateOrganizationTestWithIndustry" time="29.595"/>
</testsuite> <!-- TestRunner_1 -->
