<?xml version="1.0" encoding="UTF-8"?>
<!-- Generated by org.testng.reporters.JUnitXMLReporter -->
<testsuite ignored="0" hostname="DESKTOP-B1VQ5II" failures="0" tests="7" name="Payment" time="0.169" errors="0" timestamp="2021-08-30T13:23:24 IST">
  <testcase classname="kpack.ClassFour" name="clsFour" time="0.011"/>
  <testcase classname="kpack.ClassOne" name="clsOneA" time="0.004"/>
  <testcase classname="kpack.ClassOne" name="clsOneB" time="0.003"/>
  <testcase classname="kpack.ClassOne" name="clsOneC" time="0.006"/>
  <testcase classname="kpack.ClassOne" name="clsOneD" time="0.003"/>
  <testcase classname="kpack.ClassThree" name="clsThree" time="0.006"/>
  <testcase classname="kpack.ClassTwo" name="clstwo" time="0.002"/>
</testsuite> <!-- Payment -->
