<?xml version="1.0" encoding="UTF-8"?>
<!-- Generated by org.testng.reporters.JUnitXMLReporter -->
<testsuite ignored="0" hostname="DESKTOP-B1VQ5II" failures="0" tests="3" name="Default test" time="0.124" errors="0" timestamp="2021-10-05T16:47:40 IST">
  <testcase classname="TestNg.Priority" name="testLogin" time="0.016"/>
  <testcase classname="TestNg.Priority" name="testRegistration" time="0.003"/>
  <testcase classname="TestNg.Priority" name="testHomepage" time="0.005"/>
</testsuite> <!-- Default test -->
