<?xml version="1.0" encoding="UTF-8"?>
<testng-results ignored="0" total="1" passed="1" failed="0" skipped="0">
  <reporter-output>
  </reporter-output>
  <suite started-at="2022-01-03T17:24:33 IST" name="Default suite" finished-at="2022-01-03T17:25:42 IST" duration-ms="68779">
    <groups>
    </groups>
    <test started-at="2022-01-03T17:24:33 IST" name="Default test" finished-at="2022-01-03T17:25:42 IST" duration-ms="68779">
      <class name="practies.Practies">
        <test-method signature="ecommerceTest()[pri:0, instance:practies.Practies@31fa1761]" started-at="2022-01-03T17:24:33 IST" name="ecommerceTest" finished-at="2022-01-03T17:25:42 IST" duration-ms="68528" status="PASS">
          <reporter-output>
          </reporter-output>
        </test-method> <!-- ecommerceTest -->
      </class> <!-- practies.Practies -->
    </test> <!-- Default test -->
  </suite> <!-- Default suite -->
</testng-results>
