<?xml version="1.0" encoding="UTF-8"?>
<testng-results ignored="0" total="3" passed="3" failed="0" skipped="0">
  <reporter-output>
  </reporter-output>
  <suite started-at="2021-10-05T16:47:40 IST" name="Default suite" finished-at="2021-10-05T16:47:40 IST" duration-ms="124">
    <groups>
    </groups>
    <test started-at="2021-10-05T16:47:40 IST" name="Default test" finished-at="2021-10-05T16:47:40 IST" duration-ms="124">
      <class name="TestNg.Priority">
        <test-method signature="testLogin()[pri:-2, instance:TestNg.Priority@625732]" started-at="2021-10-05T16:47:40 IST" name="testLogin" finished-at="2021-10-05T16:47:40 IST" duration-ms="16" status="PASS">
          <reporter-output>
          </reporter-output>
        </test-method> <!-- testLogin -->
        <test-method signature="testRegistration()[pri:1, instance:TestNg.Priority@625732]" started-at="2021-10-05T16:47:40 IST" name="testRegistration" finished-at="2021-10-05T16:47:40 IST" duration-ms="3" status="PASS">
          <reporter-output>
          </reporter-output>
        </test-method> <!-- testRegistration -->
        <test-method signature="testHomepage()[pri:3, instance:TestNg.Priority@625732]" started-at="2021-10-05T16:47:40 IST" name="testHomepage" finished-at="2021-10-05T16:47:40 IST" duration-ms="5" status="PASS">
          <reporter-output>
          </reporter-output>
        </test-method> <!-- testHomepage -->
      </class> <!-- TestNg.Priority -->
    </test> <!-- Default test -->
  </suite> <!-- Default suite -->
</testng-results>
